<?xml version="1.0" encoding="UTF-8"?>
<!-- Generated by org.testng.reporters.JUnitReportReporter -->
<testsuite skipped="0" hostname="LAPTOP-7SQVVLGE" name="com.RedBus.HomePage" tests="1" failures="0" timestamp="2022-07-22T23:07:30 IST" time="16.140" errors="0">
  <testcase name="test" time="16.140" classname="com.RedBus.HomePage"/>
  <system-out/>
</testsuite> <!-- com.RedBus.HomePage -->
